{"C:\\Users\\Omar\\Documents\\Repositorios\\apiguard\\src\\middleware\\middleware.js": {"path":"C:\\Users\\Omar\\Documents\\Repositorios\\apiguard\\src\\middleware\\middleware.js","statementMap":{"0":{"start":{"line":10,"column":2},"end":{"line":12,"column":3}},"1":{"start":{"line":11,"column":4},"end":{"line":11,"column":65}},"2":{"start":{"line":14,"column":2},"end":{"line":16,"column":3}},"3":{"start":{"line":15,"column":4},"end":{"line":15,"column":60}},"4":{"start":{"line":21,"column":6},"end":{"line":21,"column":23}},"5":{"start":{"line":23,"column":2},"end":{"line":71,"column":4}},"6":{"start":{"line":24,"column":22},"end":{"line":24,"column":32}},"7":{"start":{"line":25,"column":15},"end":{"line":25,"column":34}},"8":{"start":{"line":28,"column":21},"end":{"line":28,"column":72}},"9":{"start":{"line":29,"column":4},"end":{"line":29,"column":69}},"10":{"start":{"line":29,"column":18},"end":{"line":29,"column":69}},"11":{"start":{"line":34,"column":27},"end":{"line":42,"column":6}},"12":{"start":{"line":44,"column":4},"end":{"line":44,"column":30}},"13":{"start":{"line":47,"column":30},"end":{"line":47,"column":81}},"14":{"start":{"line":48,"column":4},"end":{"line":50,"column":5}},"15":{"start":{"line":49,"column":8},"end":{"line":49,"column":78}},"16":{"start":{"line":55,"column":4},"end":{"line":68,"column":7}},"17":{"start":{"line":56,"column":23},"end":{"line":56,"column":45}},"18":{"start":{"line":57,"column":25},"end":{"line":65,"column":8}},"19":{"start":{"line":67,"column":6},"end":{"line":67,"column":28}},"20":{"start":{"line":70,"column":4},"end":{"line":70,"column":11}}},"fnMap":{"0":{"name":"createApiguardMiddleware","decl":{"start":{"line":5,"column":24},"end":{"line":5,"column":48}},"loc":{"start":{"line":9,"column":3},"end":{"line":72,"column":1}},"line":9},"1":{"name":"apiGuardMiddleware","decl":{"start":{"line":23,"column":18},"end":{"line":23,"column":36}},"loc":{"start":{"line":23,"column":53},"end":{"line":71,"column":3}},"line":23},"2":{"name":"(anonymous_2)","decl":{"start":{"line":55,"column":21},"end":{"line":55,"column":22}},"loc":{"start":{"line":55,"column":27},"end":{"line":68,"column":5}},"line":55}},"branchMap":{"0":{"loc":{"start":{"line":10,"column":2},"end":{"line":12,"column":3}},"type":"if","locations":[{"start":{"line":10,"column":2},"end":{"line":12,"column":3}},{"start":{},"end":{}}],"line":10},"1":{"loc":{"start":{"line":14,"column":2},"end":{"line":16,"column":3}},"type":"if","locations":[{"start":{"line":14,"column":2},"end":{"line":16,"column":3}},{"start":{},"end":{}}],"line":14},"2":{"loc":{"start":{"line":19,"column":4},"end":{"line":19,"column":20}},"type":"default-arg","locations":[{"start":{"line":19,"column":18},"end":{"line":19,"column":20}}],"line":19},"3":{"loc":{"start":{"line":20,"column":4},"end":{"line":20,"column":24}},"type":"default-arg","locations":[{"start":{"line":20,"column":20},"end":{"line":20,"column":24}}],"line":20},"4":{"loc":{"start":{"line":21,"column":6},"end":{"line":21,"column":23}},"type":"binary-expr","locations":[{"start":{"line":21,"column":6},"end":{"line":21,"column":17}},{"start":{"line":21,"column":21},"end":{"line":21,"column":23}}],"line":21},"5":{"loc":{"start":{"line":29,"column":4},"end":{"line":29,"column":69}},"type":"if","locations":[{"start":{"line":29,"column":4},"end":{"line":29,"column":69}},{"start":{},"end":{}}],"line":29},"6":{"loc":{"start":{"line":48,"column":4},"end":{"line":50,"column":5}},"type":"if","locations":[{"start":{"line":48,"column":4},"end":{"line":50,"column":5}},{"start":{},"end":{}}],"line":48},"7":{"loc":{"start":{"line":48,"column":8},"end":{"line":48,"column":65}},"type":"binary-expr","locations":[{"start":{"line":48,"column":8},"end":{"line":48,"column":25}},{"start":{"line":48,"column":29},"end":{"line":48,"column":65}}],"line":48}},"s":{"0":4,"1":1,"2":3,"3":1,"4":2,"5":2,"6":2,"7":2,"8":2,"9":2,"10":1,"11":1,"12":1,"13":1,"14":1,"15":0,"16":1,"17":0,"18":0,"19":0,"20":1},"f":{"0":4,"1":2,"2":0},"b":{"0":[1,3],"1":[1,2],"2":[0],"3":[0],"4":[2,0],"5":[1,1],"6":[0,1],"7":[1,0]},"_coverageSchema":"1a1c01bbd47fc00a2c39e90264f33305004495a9","hash":"88be67216e6b8675a6c9c66fea2620d82d6a9edf"}
}
