TN:
SF:src\middleware\middleware.js
FN:5,createApiguardMiddleware
FN:23,apiGuardMiddleware
FN:55,(anonymous_2)
FNF:3
FNH:2
FNDA:4,createApiguardMiddleware
FNDA:2,apiGuardMiddleware
FNDA:0,(anonymous_2)
DA:10,4
DA:11,1
DA:14,3
DA:15,1
DA:21,2
DA:23,2
DA:24,2
DA:25,2
DA:28,2
DA:29,2
DA:34,1
DA:44,1
DA:47,1
DA:48,1
DA:49,0
DA:55,1
DA:56,0
DA:57,0
DA:67,0
DA:70,1
LF:20
LH:16
BRDA:10,0,0,1
BRDA:10,0,1,3
BRDA:14,1,0,1
BRDA:14,1,1,2
BRDA:19,2,0,0
BRDA:20,3,0,0
BRDA:21,4,0,2
BRDA:21,4,1,0
BRDA:29,5,0,1
BRDA:29,5,1,1
BRDA:48,6,0,0
BRDA:48,6,1,1
BRDA:48,7,0,1
BRDA:48,7,1,0
BRF:14
BRH:9
end_of_record
